<?xml version="1.0" encoding="UTF-8"?>
<!-- Generated by org.testng.reporters.JUnitReportReporter -->
<testsuite skipped="0" hostname="DESKTOP-049QI7N" name="com.app.androidapp.scripts.TC_002_TestScript2" tests="1" failures="0" timestamp="06 Dec 2019 09:34:16 GMT" time="4.715" errors="0">
  <testcase name="tc_002_testTwo" time="4.715" classname="com.app.androidapp.scripts.TC_002_TestScript2"/>
</testsuite> <!-- com.app.androidapp.scripts.TC_002_TestScript2 -->
