<?xml version="1.0" encoding="UTF-8"?>
<!-- Generated by org.testng.reporters.JUnitReportReporter -->
<testsuite skipped="0" hostname="DESKTOP-049QI7N" name="com.app.androidapp.scripts.TC_001_TestScript1" tests="1" failures="0" timestamp="10 Dec 2019 06:02:57 GMT" time="10.730" errors="0">
  <testcase name="tc_001_testOne" time="10.730" classname="com.app.androidapp.scripts.TC_001_TestScript1"/>
</testsuite> <!-- com.app.androidapp.scripts.TC_001_TestScript1 -->
